Text
---------------------------------------------------------------------------------------------------------------------------------------------------------------------------------------------------------------------------------------------------------------

CREATE trigger [dbo].[DR_TI_PRODUCAO_PROGRAMA] 
on [dbo].[PRODUCAO_PROGRAMA]
  for INSERT NOT FOR REPLICATION
  as
begin
  declare  @numrows int,
           @nullcnt int,
           @validcnt int,
		   @usr_confirma_programacao varchar(100),
		   @tipo_p
rogramacao int,
           @errno   int,
           @errmsg  varchar(255)

  select @numrows = @@rowcount

  if 
     update(TIPO_PROGRAMACAO)
  begin
    select @usr_confirma_programacao = VALOR_ATUAL 
	from PARAMETROS 
	where PARAMETRO = 'USR_CONFIRMA_P
ROGRAMACAO'

	select @tipo_programacao = inserted.TIPO_PROGRAMACAO 
	from inserted

    if (@tipo_programacao = 2) AND (CHARINDEX(SUSER_NAME(), @usr_confirma_programacao) = 0)
    begin
      select @errno  = 30002,
             @errmsg = 'Impossível Incl
uir #PRODUCAO_PROGRAMA #porque #USUÁRIO #não tem permissão para CONFIRMAR programação'
      goto error
    end
  end

  return
error:
    raiserror @errno @errmsg
    rollback transaction
end

